<?xml version="1.0" encoding="UTF-8"?>
<!-- Generated by org.testng.reporters.JUnitReportReporter -->
<testsuite hostname="DESKTOP-E2KM8BL" failures="0" tests="1" name="Day2.RestAssured.Example1" time="5.018" errors="0" timestamp="2025-04-02T10:41:50 IST" skipped="0">
  <testcase classname="Day2.RestAssured.Example1" name="createUser" time="5.018"/>
</testsuite> <!-- Day2.RestAssured.Example1 -->
