<?xml version="1.0" encoding="UTF-8"?>
<!-- Generated by org.testng.reporters.JUnitReportReporter -->
<testsuite hostname="DESKTOP-E2KM8BL" failures="0" tests="1" name="Day2.RestAssured.Example7" time="4.541" errors="0" timestamp="2025-04-02T11:51:36 IST" skipped="0">
  <testcase classname="Day2.RestAssured.Example7" name="CreateUser" time="4.541"/>
</testsuite> <!-- Day2.RestAssured.Example7 -->
