<?xml version="1.0" encoding="UTF-8"?>
<!-- Generated by org.testng.reporters.JUnitReportReporter -->
<testsuite hostname="DESKTOP-E2KM8BL" failures="0" tests="1" name="Day2.Practice.Example3" time="6.503" errors="0" timestamp="2025-04-05T17:48:18 IST" skipped="0">
  <testcase classname="Day2.Practice.Example3" name="updateData" time="6.503"/>
</testsuite> <!-- Day2.Practice.Example3 -->
