<?xml version="1.0" encoding="UTF-8"?>
<!-- Generated by org.testng.reporters.JUnitReportReporter -->
<testsuite hostname="DESKTOP-E2KM8BL" failures="0" tests="2" name="Day1.example1" time="0.024" errors="0" timestamp="2025-03-30T18:57:30 IST" skipped="1">
  <testcase classname="Day1.example1" name="MapToJson" time="0.024"/>
  <testcase classname="Day1.example1" name="workWithJsonObj">
    <skipped/>
  </testcase> <!-- workWithJsonObj -->
</testsuite> <!-- Day1.example1 -->
