<?xml version="1.0" encoding="UTF-8"?>
<!-- Generated by org.testng.reporters.JUnitReportReporter -->
<testsuite hostname="DESKTOP-E2KM8BL" failures="0" tests="1" name="Day2.RestAssured.Example9" time="4.255" errors="0" timestamp="2025-04-02T12:06:25 IST" skipped="0">
  <testcase classname="Day2.RestAssured.Example9" name="CreateUser_POST" time="4.255"/>
</testsuite> <!-- Day2.RestAssured.Example9 -->
