<?xml version="1.0" encoding="UTF-8"?>
<!-- Generated by org.testng.reporters.JUnitReportReporter -->
<testsuite hostname="DESKTOP-E2KM8BL" failures="0" tests="1" name="Day2.RestAssured.Example10" time="3.422" errors="0" timestamp="2025-04-02T17:20:58 IST" skipped="0">
  <testcase classname="Day2.RestAssured.Example10" name="CreateUserPost" time="3.422"/>
</testsuite> <!-- Day2.RestAssured.Example10 -->
