<?xml version="1.0" encoding="UTF-8"?>
<!-- Generated by org.testng.reporters.JUnitReportReporter -->
<testsuite hostname="DESKTOP-E2KM8BL" failures="0" tests="1" name="Day2.RestAssured.Json.put1" time="6.401" errors="0" timestamp="2025-04-05T17:52:52 IST" skipped="0">
  <testcase classname="Day2.RestAssured.Json.put1" name="updateuser" time="6.401"/>
</testsuite> <!-- Day2.RestAssured.Json.put1 -->
