<?xml version="1.0" encoding="UTF-8"?>
<!-- Generated by org.testng.reporters.JUnitReportReporter -->
<testsuite hostname="DESKTOP-E2KM8BL" failures="0" tests="1" name="Day2.Practice.Example1" time="5.837" errors="0" timestamp="2025-04-05T18:13:07 IST" skipped="0">
  <testcase classname="Day2.Practice.Example1" name="POST1" time="5.837"/>
</testsuite> <!-- Day2.Practice.Example1 -->
