<?xml version="1.0" encoding="UTF-8"?>
<!-- Generated by org.testng.reporters.JUnitReportReporter -->
<testsuite hostname="DESKTOP-E2KM8BL" failures="0" tests="1" name="Day2.Practice.Example8" time="6.128" errors="0" timestamp="2025-04-05T17:49:32 IST" skipped="0">
  <testcase classname="Day2.Practice.Example8" name="deleteUser" time="6.128"/>
</testsuite> <!-- Day2.Practice.Example8 -->
