<?xml version="1.0" encoding="UTF-8"?>
<!-- Generated by org.testng.reporters.JUnitReportReporter -->
<testsuite hostname="DESKTOP-E2KM8BL" failures="0" tests="1" name="Day2.Practice.Example6" time="6.341" errors="0" timestamp="2025-04-05T17:49:03 IST" skipped="0">
  <testcase classname="Day2.Practice.Example6" name="CreateWithArray" time="6.341"/>
</testsuite> <!-- Day2.Practice.Example6 -->
