<?xml version="1.0" encoding="UTF-8"?>
<!-- Generated by org.testng.reporters.JUnitReportReporter -->
<testsuite hostname="DESKTOP-E2KM8BL" failures="0" tests="1" name="Day2.RestAssured.Example6" time="4.349" errors="0" timestamp="2025-04-02T11:43:13 IST" skipped="0">
  <testcase classname="Day2.RestAssured.Example6" name="CreateUser" time="4.349"/>
</testsuite> <!-- Day2.RestAssured.Example6 -->
