<?xml version="1.0" encoding="UTF-8"?>
<!-- Generated by org.testng.reporters.JUnitReportReporter -->
<testsuite hostname="DESKTOP-E2KM8BL" failures="0" tests="1" name="Day2.RestAssured.Json.post2" time="5.963" errors="0" timestamp="2025-04-05T18:14:47 IST" skipped="0">
  <testcase classname="Day2.RestAssured.Json.post2" name="createWithArray" time="5.963"/>
</testsuite> <!-- Day2.RestAssured.Json.post2 -->
