<?xml version="1.0" encoding="UTF-8"?>
<!-- Generated by org.testng.reporters.JUnitReportReporter -->
<testsuite hostname="DESKTOP-E2KM8BL" failures="0" tests="1" name="Day2.Practice.Example7" time="5.893" errors="0" timestamp="2025-04-05T17:49:17 IST" skipped="0">
  <testcase classname="Day2.Practice.Example7" name="CreateUser" time="5.893"/>
</testsuite> <!-- Day2.Practice.Example7 -->
