<?xml version="1.0" encoding="UTF-8"?>
<!-- Generated by org.testng.reporters.JUnitReportReporter -->
<testsuite hostname="DESKTOP-E2KM8BL" failures="0" tests="1" name="Day2.Practice.Example5" time="6.886" errors="0" timestamp="2025-04-05T17:48:51 IST" skipped="0">
  <testcase classname="Day2.Practice.Example5" name="logout" time="6.886"/>
</testsuite> <!-- Day2.Practice.Example5 -->
