<?xml version="1.0" encoding="UTF-8"?>
<!-- Generated by org.testng.reporters.JUnitReportReporter -->
<testsuite hostname="DESKTOP-E2KM8BL" failures="0" tests="1" name="Day2.RestAssured.Json.Example1" time="5.195" errors="0" timestamp="2025-04-05T17:54:36 IST" skipped="0">
  <testcase classname="Day2.RestAssured.Json.Example1" name="createUser" time="5.195"/>
</testsuite> <!-- Day2.RestAssured.Json.Example1 -->
