<?xml version="1.0" encoding="UTF-8"?>
<!-- Generated by org.testng.reporters.JUnitReportReporter -->
<testsuite hostname="DESKTOP-E2KM8BL" failures="0" tests="1" name="Day2.RestAssured.Json.get1" time="7.293" errors="0" timestamp="2025-04-05T19:17:47 IST" skipped="0">
  <testcase classname="Day2.RestAssured.Json.get1" name="getUser" time="7.293"/>
</testsuite> <!-- Day2.RestAssured.Json.get1 -->
