<?xml version="1.0" encoding="UTF-8"?>
<!-- Generated by org.testng.reporters.JUnitReportReporter -->
<testsuite hostname="DESKTOP-E2KM8BL" failures="0" tests="1" name="Day2.RestAssured.Example2" time="4.128" errors="0" timestamp="2025-04-02T11:03:27 IST" skipped="0">
  <testcase classname="Day2.RestAssured.Example2" name="CreateUser" time="4.128"/>
</testsuite> <!-- Day2.RestAssured.Example2 -->
