<?xml version="1.0" encoding="UTF-8"?>
<!-- Generated by org.testng.reporters.JUnitReportReporter -->
<testsuite hostname="DESKTOP-E2KM8BL" failures="0" tests="1" name="Day2.RestAssured.Example8" time="4.746" errors="0" timestamp="2025-04-02T12:00:56 IST" skipped="0">
  <testcase classname="Day2.RestAssured.Example8" name="CreateUser" time="4.746"/>
</testsuite> <!-- Day2.RestAssured.Example8 -->
