<?xml version="1.0" encoding="UTF-8"?>
<!-- Generated by org.testng.reporters.JUnitReportReporter -->
<testsuite hostname="DESKTOP-E2KM8BL" failures="0" tests="1" name="Day2.RestAssured.Json.delete1" time="6.085" errors="0" timestamp="2025-04-05T17:54:19 IST" skipped="0">
  <testcase classname="Day2.RestAssured.Json.delete1" name="deleteUser" time="6.085"/>
</testsuite> <!-- Day2.RestAssured.Json.delete1 -->
